<?xml version="1.0" encoding="UTF-8"?>
<testng-results skipped="1" failed="0" total="1" passed="0">
  <reporter-output>
  </reporter-output>
  <suite name="Suite" duration-ms="2280" started-at="2020-09-03T02:16:27Z" finished-at="2020-09-03T02:16:29Z">
    <groups>
    </groups>
    <test name="Test" duration-ms="2280" started-at="2020-09-03T02:16:27Z" finished-at="2020-09-03T02:16:29Z">
      <class name="scripts.TestScripts">
        <test-method status="FAIL" signature="preCondition()[pri:0, instance:scripts.TestScripts@3551a94]" name="preCondition" is-config="true" duration-ms="0" started-at="2020-09-02T22:16:27Z" finished-at="2020-09-02T22:16:27Z">
          <exception class="org.openqa.selenium.SessionNotCreatedException">
            <message>
              <![CDATA[session not created: This version of ChromeDriver only supports Chrome version 83
Build info: version: '3.141.59', revision: 'e82be7d358', time: '2018-11-14T08:17:03'
System info: host: 'DESKTOP-IAVAU2U', ip: '192.168.21.1', os.name: 'Windows 10', os.arch: 'amd64', os.version: '10.0', java.version: '1.8.0_251'
Driver info: driver.version: ChromeDriver
remote stacktrace: Backtrace:
	Ordinal0 [0x015B9563+2725219]
	Ordinal0 [0x014B8551+1672529]
	Ordinal0 [0x013A0359+525145]
	Ordinal0 [0x01330B77+68471]
	Ordinal0 [0x0132D32C+54060]
	Ordinal0 [0x0134CC37+183351]
	Ordinal0 [0x0134CA3D+182845]
	Ordinal0 [0x0134A94B+174411]
	Ordinal0 [0x01332528+75048]
	Ordinal0 [0x013335A0+79264]
	Ordinal0 [0x01333539+79161]
	Ordinal0 [0x014CD607+1758727]
	GetHandleVerifier [0x016D6546+1050150]
	GetHandleVerifier [0x016D6291+1049457]
	GetHandleVerifier [0x016E10D7+1094071]
	GetHandleVerifier [0x016D6B46+1051686]
	Ordinal0 [0x014C5B06+1727238]
	Ordinal0 [0x014CEB7B+1764219]
	Ordinal0 [0x014CECE3+1764579]
	Ordinal0 [0x014E4C05+1854469]
	BaseThreadInitThunk [0x77500419+25]
	RtlGetAppContainerNamedObjectPath [0x776366DD+237]
	RtlGetAppContainerNamedObjectPath [0x776366AD+189]
]]>
            </message>
            <full-stacktrace>
              <![CDATA[org.openqa.selenium.SessionNotCreatedException: session not created: This version of ChromeDriver only supports Chrome version 83
Build info: version: '3.141.59', revision: 'e82be7d358', time: '2018-11-14T08:17:03'
System info: host: 'DESKTOP-IAVAU2U', ip: '192.168.21.1', os.name: 'Windows 10', os.arch: 'amd64', os.version: '10.0', java.version: '1.8.0_251'
Driver info: driver.version: ChromeDriver
remote stacktrace: Backtrace:
	Ordinal0 [0x015B9563+2725219]
	Ordinal0 [0x014B8551+1672529]
	Ordinal0 [0x013A0359+525145]
	Ordinal0 [0x01330B77+68471]
	Ordinal0 [0x0132D32C+54060]
	Ordinal0 [0x0134CC37+183351]
	Ordinal0 [0x0134CA3D+182845]
	Ordinal0 [0x0134A94B+174411]
	Ordinal0 [0x01332528+75048]
	Ordinal0 [0x013335A0+79264]
	Ordinal0 [0x01333539+79161]
	Ordinal0 [0x014CD607+1758727]
	GetHandleVerifier [0x016D6546+1050150]
	GetHandleVerifier [0x016D6291+1049457]
	GetHandleVerifier [0x016E10D7+1094071]
	GetHandleVerifier [0x016D6B46+1051686]
	Ordinal0 [0x014C5B06+1727238]
	Ordinal0 [0x014CEB7B+1764219]
	Ordinal0 [0x014CECE3+1764579]
	Ordinal0 [0x014E4C05+1854469]
	BaseThreadInitThunk [0x77500419+25]
	RtlGetAppContainerNamedObjectPath [0x776366DD+237]
	RtlGetAppContainerNamedObjectPath [0x776366AD+189]

	at sun.reflect.NativeConstructorAccessorImpl.newInstance0(Native Method)
	at sun.reflect.NativeConstructorAccessorImpl.newInstance(NativeConstructorAccessorImpl.java:62)
	at sun.reflect.DelegatingConstructorAccessorImpl.newInstance(DelegatingConstructorAccessorImpl.java:45)
	at java.lang.reflect.Constructor.newInstance(Constructor.java:423)
	at org.openqa.selenium.remote.W3CHandshakeResponse.lambda$errorHandler$0(W3CHandshakeResponse.java:62)
	at org.openqa.selenium.remote.HandshakeResponse.lambda$getResponseFunction$0(HandshakeResponse.java:30)
	at org.openqa.selenium.remote.ProtocolHandshake.lambda$createSession$0(ProtocolHandshake.java:126)
	at java.util.stream.ReferencePipeline$3$1.accept(ReferencePipeline.java:193)
	at java.util.Spliterators$ArraySpliterator.tryAdvance(Spliterators.java:958)
	at java.util.stream.ReferencePipeline.forEachWithCancel(ReferencePipeline.java:126)
	at java.util.stream.AbstractPipeline.copyIntoWithCancel(AbstractPipeline.java:499)
	at java.util.stream.AbstractPipeline.copyInto(AbstractPipeline.java:486)
	at java.util.stream.AbstractPipeline.wrapAndCopyInto(AbstractPipeline.java:472)
	at java.util.stream.FindOps$FindOp.evaluateSequential(FindOps.java:152)
	at java.util.stream.AbstractPipeline.evaluate(AbstractPipeline.java:234)
	at java.util.stream.ReferencePipeline.findFirst(ReferencePipeline.java:464)
	at org.openqa.selenium.remote.ProtocolHandshake.createSession(ProtocolHandshake.java:128)
	at org.openqa.selenium.remote.ProtocolHandshake.createSession(ProtocolHandshake.java:74)
	at org.openqa.selenium.remote.HttpCommandExecutor.execute(HttpCommandExecutor.java:136)
	at org.openqa.selenium.remote.service.DriverCommandExecutor.execute(DriverCommandExecutor.java:83)
	at org.openqa.selenium.remote.RemoteWebDriver.execute(RemoteWebDriver.java:552)
	at org.openqa.selenium.remote.RemoteWebDriver.startSession(RemoteWebDriver.java:213)
	at org.openqa.selenium.remote.RemoteWebDriver.<init>(RemoteWebDriver.java:131)
	at org.openqa.selenium.chrome.ChromeDriver.<init>(ChromeDriver.java:181)
	at org.openqa.selenium.chrome.ChromeDriver.<init>(ChromeDriver.java:168)
	at org.openqa.selenium.chrome.ChromeDriver.<init>(ChromeDriver.java:123)
	at generic.BaseTest.preCondition(BaseTest.java:16)
	at sun.reflect.NativeMethodAccessorImpl.invoke0(Native Method)
	at sun.reflect.NativeMethodAccessorImpl.invoke(NativeMethodAccessorImpl.java:62)
	at sun.reflect.DelegatingMethodAccessorImpl.invoke(DelegatingMethodAccessorImpl.java:43)
	at java.lang.reflect.Method.invoke(Method.java:498)
	at org.testng.internal.MethodInvocationHelper.invokeMethod(MethodInvocationHelper.java:80)
	at org.testng.internal.Invoker.invokeConfigurationMethod(Invoker.java:564)
	at org.testng.internal.Invoker.invokeConfigurations(Invoker.java:213)
	at org.testng.internal.Invoker.invokeMethod(Invoker.java:653)
	at org.testng.internal.Invoker.invokeTestMethod(Invoker.java:901)
	at org.testng.internal.Invoker.invokeTestMethods(Invoker.java:1231)
	at org.testng.internal.TestMethodWorker.invokeTestMethods(TestMethodWorker.java:127)
	at org.testng.internal.TestMethodWorker.run(TestMethodWorker.java:111)
	at org.testng.TestRunner.privateRun(TestRunner.java:767)
	at org.testng.TestRunner.run(TestRunner.java:617)
	at org.testng.SuiteRunner.runTest(SuiteRunner.java:334)
	at org.testng.SuiteRunner.runSequentially(SuiteRunner.java:329)
	at org.testng.SuiteRunner.privateRun(SuiteRunner.java:291)
	at org.testng.SuiteRunner.run(SuiteRunner.java:240)
	at org.testng.SuiteRunnerWorker.runSuite(SuiteRunnerWorker.java:52)
	at org.testng.SuiteRunnerWorker.run(SuiteRunnerWorker.java:86)
	at org.testng.TestNG.runSuitesSequentially(TestNG.java:1198)
	at org.testng.TestNG.runSuitesLocally(TestNG.java:1123)
	at org.testng.TestNG.run(TestNG.java:1031)
	at org.apache.maven.surefire.testng.TestNGExecutor.run(TestNGExecutor.java:284)
	at org.apache.maven.surefire.testng.TestNGXmlTestSuite.execute(TestNGXmlTestSuite.java:75)
	at org.apache.maven.surefire.testng.TestNGProvider.invoke(TestNGProvider.java:119)
	at org.apache.maven.surefire.booter.ForkedBooter.runSuitesInProcess(ForkedBooter.java:428)
	at org.apache.maven.surefire.booter.ForkedBooter.execute(ForkedBooter.java:162)
	at org.apache.maven.surefire.booter.ForkedBooter.run(ForkedBooter.java:562)
	at org.apache.maven.surefire.booter.ForkedBooter.main(ForkedBooter.java:548)
]]>
            </full-stacktrace>
          </exception> <!-- org.openqa.selenium.SessionNotCreatedException -->
          <reporter-output>
          </reporter-output>
        </test-method> <!-- preCondition -->
        <test-method status="SKIP" signature="sortListBox()[pri:0, instance:scripts.TestScripts@3551a94]" name="sortListBox" duration-ms="7" started-at="2020-09-02T22:16:29Z" finished-at="2020-09-02T22:16:29Z">
          <reporter-output>
          </reporter-output>
        </test-method> <!-- sortListBox -->
        <test-method status="SKIP" signature="postCondition()[pri:0, instance:scripts.TestScripts@3551a94]" name="postCondition" is-config="true" duration-ms="0" started-at="2020-09-02T22:16:29Z" finished-at="2020-09-02T22:16:29Z">
          <reporter-output>
          </reporter-output>
        </test-method> <!-- postCondition -->
      </class> <!-- scripts.TestScripts -->
    </test> <!-- Test -->
  </suite> <!-- Suite -->
</testng-results>
