<?xml version="1.0" encoding="UTF-8"?>
<testsuite xmlns:xsi="http://www.w3.org/2001/XMLSchema-instance" xsi:noNamespaceSchemaLocation="https://maven.apache.org/surefire/maven-surefire-plugin/xsd/surefire-test-report-3.0.xsd" version="3.0" name="TestSuite" time="2.882" tests="3" errors="0" skipped="2" failures="1">
  <properties>
[...]
</properties>
  <testcase name="preCondition" classname="scripts.TestScripts" time="2.763">
    <failure message="session not created: This version of ChromeDriver only supports Chrome version 83&#10;Build info: version: &apos;3.141.59&apos;, revision: &apos;e82be7d358&apos;, time: &apos;2018-11-14T08:17:03&apos;&#10;System info: host: &apos;DESKTOP-IAVAU2U&apos;, ip: &apos;192.168.21.1&apos;, os.name: &apos;Windows 10&apos;, os.arch: &apos;amd64&apos;, os.version: &apos;10.0&apos;, java.version: &apos;1.8.0_251&apos;&#10;Driver info: driver.version: ChromeDriver&#10;remote stacktrace: Backtrace:&#10;	Ordinal0 [0x015B9563+2725219]&#10;	Ordinal0 [0x014B8551+1672529]&#10;	Ordinal0 [0x013A0359+525145]&#10;	Ordinal0 [0x01330B77+68471]&#10;	Ordinal0 [0x0132D32C+54060]&#10;	Ordinal0 [0x0134CC37+183351]&#10;	Ordinal0 [0x0134CA3D+182845]&#10;	Ordinal0 [0x0134A94B+174411]&#10;	Ordinal0 [0x01332528+75048]&#10;	Ordinal0 [0x013335A0+79264]&#10;	Ordinal0 [0x01333539+79161]&#10;	Ordinal0 [0x014CD607+1758727]&#10;	GetHandleVerifier [0x016D6546+1050150]&#10;	GetHandleVerifier [0x016D6291+1049457]&#10;	GetHandleVerifier [0x016E10D7+1094071]&#10;	GetHandleVerifier [0x016D6B46+1051686]&#10;	Ordinal0 [0x014C5B06+1727238]&#10;	Ordinal0 [0x014CEB7B+1764219]&#10;	Ordinal0 [0x014CECE3+1764579]&#10;	Ordinal0 [0x014E4C05+1854469]&#10;	BaseThreadInitThunk [0x77500419+25]&#10;	RtlGetAppContainerNamedObjectPath [0x776366DD+237]&#10;	RtlGetAppContainerNamedObjectPath [0x776366AD+189]&#10;" type="org.openqa.selenium.SessionNotCreatedException"><![CDATA[org.openqa.selenium.SessionNotCreatedException: 
session not created: This version of ChromeDriver only supports Chrome version 83
Build info: version: '3.141.59', revision: 'e82be7d358', time: '2018-11-14T08:17:03'
System info: host: 'DESKTOP-IAVAU2U', ip: '192.168.21.1', os.name: 'Windows 10', os.arch: 'amd64', os.version: '10.0', java.version: '1.8.0_251'
Driver info: driver.version: ChromeDriver
remote stacktrace: Backtrace:
	Ordinal0 [0x015B9563+2725219]
	Ordinal0 [0x014B8551+1672529]
	Ordinal0 [0x013A0359+525145]
	Ordinal0 [0x01330B77+68471]
	Ordinal0 [0x0132D32C+54060]
	Ordinal0 [0x0134CC37+183351]
	Ordinal0 [0x0134CA3D+182845]
	Ordinal0 [0x0134A94B+174411]
	Ordinal0 [0x01332528+75048]
	Ordinal0 [0x013335A0+79264]
	Ordinal0 [0x01333539+79161]
	Ordinal0 [0x014CD607+1758727]
	GetHandleVerifier [0x016D6546+1050150]
	GetHandleVerifier [0x016D6291+1049457]
	GetHandleVerifier [0x016E10D7+1094071]
	GetHandleVerifier [0x016D6B46+1051686]
	Ordinal0 [0x014C5B06+1727238]
	Ordinal0 [0x014CEB7B+1764219]
	Ordinal0 [0x014CECE3+1764579]
	Ordinal0 [0x014E4C05+1854469]
	BaseThreadInitThunk [0x77500419+25]
	RtlGetAppContainerNamedObjectPath [0x776366DD+237]
	RtlGetAppContainerNamedObjectPath [0x776366AD+189]

]]></failure>
    <system-err><![CDATA[Starting ChromeDriver 83.0.4103.39 (ccbf011cb2d2b19b506d844400483861342c20cd-refs/branch-heads/4103@{#416}) on port 45642
Only local connections are allowed.
Please see https://chromedriver.chromium.org/security-considerations for suggestions on keeping ChromeDriver safe.
ChromeDriver was started successfully.
]]></system-err>
  </testcase>
  <testcase name="sortListBox" classname="scripts.TestScripts" time="0">
    <skipped/>
  </testcase>
  <testcase name="postCondition" classname="scripts.TestScripts" time="0">
    <skipped/>
  </testcase>
</testsuite>